Build started 9/21/2015 5:19:36 PM.
     1>Project "B:\ubuntushare\GitHub\fst_outliers\individualbased_sim\individualbased_sim.vcxproj" on node 2 (Build target(s)).
     1>ClCompile:
         C:\Program Files (x86)\Microsoft Visual Studio 12.0\VC\bin\CL.exe /c /ZI /nologo /W3 /WX- /sdl /Od /Oy- /D WIN32 /D _DEBUG /D _CONSOLE /D _LIB /D _UNICODE /D UNICODE /Gm /EHsc /RTC1 /MDd /GS /fp:precise /Zc:wchar_t /Zc:forScope /Fo"Debug\\" /Fd"Debug\vc120.pdb" /Gd /TP /analyze- /errorReport:prompt individualbased_sim.cpp
         individualbased_sim.cpp
     1>b:\ubuntushare\github\fst_outliers\individualbased_sim\random_numbers.h(114): warning C4244: '=' : conversion from 'double' to 'int', possible loss of data
     1>b:\ubuntushare\github\fst_outliers\individualbased_sim\population.h(46): warning C4244: 'argument' : conversion from 'time_t' to 'unsigned long', possible loss of data
     1>b:\ubuntushare\github\fst_outliers\individualbased_sim\population.h(481): warning C4101: 'locus' : unreferenced local variable
     1>b:\ubuntushare\github\fst_outliers\individualbased_sim\population.h(597): warning C4244: '=' : conversion from 'double' to 'int', possible loss of data
     1>b:\ubuntushare\github\fst_outliers\individualbased_sim\population.h(617): warning C4018: '<=' : signed/unsigned mismatch
     1>b:\ubuntushare\github\fst_outliers\individualbased_sim\population.h(854): warning C4244: '=' : conversion from 'double' to 'int', possible loss of data
     1>b:\ubuntushare\github\fst_outliers\individualbased_sim\population.h(852): warning C4101: 'rand2' : unreferenced local variable
     1>b:\ubuntushare\github\fst_outliers\individualbased_sim\population.h(851): warning C4101: 'jjj' : unreferenced local variable
     1>b:\ubuntushare\github\fst_outliers\individualbased_sim\population.h(852): warning C4101: 'rand4' : unreferenced local variable
     1>b:\ubuntushare\github\fst_outliers\individualbased_sim\population.h(852): warning C4101: 'rand3' : unreferenced local variable
     1>b:\ubuntushare\github\fst_outliers\individualbased_sim\population.h(851): warning C4101: 'jj' : unreferenced local variable
     1>b:\ubuntushare\github\fst_outliers\individualbased_sim\population.h(851): warning C4101: 'j' : unreferenced local variable
     1>b:\ubuntushare\github\fst_outliers\individualbased_sim\individualbased_sim.cpp(17): warning C4101: 'iii' : unreferenced local variable
       Link:
         C:\Program Files (x86)\Microsoft Visual Studio 12.0\VC\bin\link.exe /ERRORREPORT:PROMPT /OUT:"B:\ubuntushare\GitHub\fst_outliers\individualbased_sim\Debug\individualbased_sim.exe" /INCREMENTAL /NOLOGO kernel32.lib user32.lib gdi32.lib winspool.lib comdlg32.lib advapi32.lib shell32.lib ole32.lib oleaut32.lib uuid.lib odbc32.lib odbccp32.lib /MANIFEST /MANIFESTUAC:"level='asInvoker' uiAccess='false'" /manifest:embed /DEBUG /PDB:"B:\ubuntushare\GitHub\fst_outliers\individualbased_sim\Debug\individualbased_sim.pdb" /SUBSYSTEM:CONSOLE /TLBID:1 /DYNAMICBASE /NXCOMPAT /IMPLIB:"B:\ubuntushare\GitHub\fst_outliers\individualbased_sim\Debug\individualbased_sim.lib" /MACHINE:X86 Debug\individualbased_sim.obj
         individualbased_sim.vcxproj -> B:\ubuntushare\GitHub\fst_outliers\individualbased_sim\Debug\individualbased_sim.exe
     1>Done Building Project "B:\ubuntushare\GitHub\fst_outliers\individualbased_sim\individualbased_sim.vcxproj" (Build target(s)).

Build succeeded.

Time Elapsed 00:00:05.12
