Build started 3/28/2016 2:18:57 PM.
     1>Project "E:\ubuntushare\fst_outliers\programs\numerical_analysis\numerical_analysis.vcxproj" on node 2 (Build target(s)).
     1>ClCompile:
         C:\Program Files (x86)\Microsoft Visual Studio 12.0\VC\bin\CL.exe /c /Zi /nologo /W3 /WX- /sdl /O2 /Oi /Oy- /GL /D WIN32 /D NDEBUG /D _CONSOLE /D _LIB /D _UNICODE /D UNICODE /Gm- /EHsc /MD /GS /Gy /fp:precise /Zc:wchar_t /Zc:forScope /Fo"Release\\" /Fd"Release\vc120.pdb" /Gd /TP /analyze- /errorReport:prompt numerical_analysis.cpp
         numerical_analysis.cpp
     1>e:\ubuntushare\fst_outliers\programs\numerical_analysis\random_numbers.h(114): warning C4244: '=' : conversion from 'double' to 'int', possible loss of data
     1>numerical_analysis.cpp(255): warning C4244: 'initializing' : conversion from 'double' to 'int', possible loss of data
     1>numerical_analysis.cpp(60): warning C4101: 'num_per_p' : unreferenced local variable
     1>numerical_analysis.cpp(58): warning C4101: 'time' : unreferenced local variable
     1>numerical_analysis.cpp(64): warning C4101: 'pbar_index' : unreferenced local variable
     1>numerical_analysis.cpp(254): warning C4101: 'total_het' : unreferenced local variable
     1>numerical_analysis.cpp(254): warning C4101: 'total_p' : unreferenced local variable
       Link:
         C:\Program Files (x86)\Microsoft Visual Studio 12.0\VC\bin\link.exe /ERRORREPORT:PROMPT /OUT:"E:\ubuntushare\fst_outliers\programs\numerical_analysis\Release\numerical_analysis.exe" /INCREMENTAL:NO /NOLOGO kernel32.lib user32.lib gdi32.lib winspool.lib comdlg32.lib advapi32.lib shell32.lib ole32.lib oleaut32.lib uuid.lib odbc32.lib odbccp32.lib /MANIFEST /MANIFESTUAC:"level='asInvoker' uiAccess='false'" /manifest:embed /DEBUG /PDB:"E:\ubuntushare\fst_outliers\programs\numerical_analysis\Release\numerical_analysis.pdb" /SUBSYSTEM:CONSOLE /OPT:REF /OPT:ICF /LTCG /TLBID:1 /DYNAMICBASE /NXCOMPAT /IMPLIB:"E:\ubuntushare\fst_outliers\programs\numerical_analysis\Release\numerical_analysis.lib" /MACHINE:X86 /SAFESEH Release\numerical_analysis.obj
         Generating code
         Finished generating code
         numerical_analysis.vcxproj -> E:\ubuntushare\fst_outliers\programs\numerical_analysis\Release\numerical_analysis.exe
     1>Done Building Project "E:\ubuntushare\fst_outliers\programs\numerical_analysis\numerical_analysis.vcxproj" (Build target(s)).

Build succeeded.

Time Elapsed 00:00:02.42
